# JRE version: OpenJDK Runtime Environment (8.0_171-b11) (build 1.8.0_171-8u171-b11-1~deb9u1-b11)
# Java VM: OpenJDK 64-Bit Server VM (25.171-b11 mixed mode linux-amd64 compressed oops)
Heap:
 PSYoungGen      total 139264K, used 49943K [0x000000076d200000, 0x0000000776400000, 0x00000007c0000000)
  eden space 129024K, 38% used [0x000000076d200000,0x00000007702c5ce8,0x0000000775000000)
  from space 10240K, 0% used [0x0000000775a00000,0x0000000775a00000,0x0000000776400000)
  to   space 10240K, 0% used [0x0000000775000000,0x0000000775000000,0x0000000775a00000)
 ParOldGen       total 87040K, used 4763K [0x00000006c7600000, 0x00000006ccb00000, 0x000000076d200000)
  object space 87040K, 5% used [0x00000006c7600000,0x00000006c7aa6f58,0x00000006ccb00000)
 Metaspace       used 24334K, capacity 24975K, committed 25216K, reserved 1071104K
  class space    used 2986K, capacity 3148K, committed 3200K, reserved 1048576K
GC Heap History (10 events):
Event: 0.418 GC heap before
{Heap before GC invocations=1 (full 0):
 PSYoungGen      total 74752K, used 64512K [0x000000076d200000, 0x0000000772500000, 0x00000007c0000000)
  eden space 64512K, 100% used [0x000000076d200000,0x0000000771100000,0x0000000771100000)
  from space 10240K, 0% used [0x0000000771b00000,0x0000000771b00000,0x0000000772500000)
  to   space 10240K, 0% used [0x0000000771100000,0x0000000771100000,0x0000000771b00000)
 ParOldGen       total 171008K, used 0K [0x00000006c7600000, 0x00000006d1d00000, 0x000000076d200000)
  object space 171008K, 0% used [0x00000006c7600000,0x00000006c7600000,0x00000006d1d00000)
 Metaspace       used 8443K, capacity 8590K, committed 8832K, reserved 1056768K
  class space    used 982K, capacity 1052K, committed 1152K, reserved 1048576K
Event: 0.422 GC heap after
Heap after GC invocations=1 (full 0):
 PSYoungGen      total 74752K, used 4801K [0x000000076d200000, 0x0000000772500000, 0x00000007c0000000)
  eden space 64512K, 0% used [0x000000076d200000,0x000000076d200000,0x0000000771100000)
  from space 10240K, 46% used [0x0000000771100000,0x00000007715b06f0,0x0000000771b00000)
  to   space 10240K, 0% used [0x0000000771b00000,0x0000000771b00000,0x0000000772500000)
 ParOldGen       total 171008K, used 16K [0x00000006c7600000, 0x00000006d1d00000, 0x000000076d200000)
  object space 171008K, 0% used [0x00000006c7600000,0x00000006c7604000,0x00000006d1d00000)
 Metaspace       used 8443K, capacity 8590K, committed 8832K, reserved 1056768K
  class space    used 982K, capacity 1052K, committed 1152K, reserved 1048576K
}
Event: 0.675 GC heap before
{Heap before GC invocations=2 (full 0):
 PSYoungGen      total 74752K, used 69313K [0x000000076d200000, 0x0000000772500000, 0x00000007c0000000)
  eden space 64512K, 100% used [0x000000076d200000,0x0000000771100000,0x0000000771100000)
  from space 10240K, 46% used [0x0000000771100000,0x00000007715b06f0,0x0000000771b00000)
  to   space 10240K, 0% used [0x0000000771b00000,0x0000000771b00000,0x0000000772500000)
 ParOldGen       total 171008K, used 16K [0x00000006c7600000, 0x00000006d1d00000, 0x000000076d200000)
  object space 171008K, 0% used [0x00000006c7600000,0x00000006c7604000,0x00000006d1d00000)
 Metaspace       used 13968K, capacity 14416K, committed 14464K, reserved 1062912K
  class space    used 1769K, capacity 1911K, committed 1920K, reserved 1048576K
Event: 0.681 GC heap after
Heap after GC invocations=2 (full 0):
 PSYoungGen      total 74752K, used 6784K [0x000000076d200000, 0x0000000776400000, 0x00000007c0000000)
  eden space 64512K, 0% used [0x000000076d200000,0x000000076d200000,0x0000000771100000)
  from space 10240K, 66% used [0x0000000771b00000,0x00000007721a02f0,0x0000000772500000)
  to   space 10240K, 0% used [0x0000000771100000,0x0000000771100000,0x0000000771b00000)
 ParOldGen       total 171008K, used 24K [0x00000006c7600000, 0x00000006d1d00000, 0x000000076d200000)
  object space 171008K, 0% used [0x00000006c7600000,0x00000006c7606000,0x00000006d1d00000)
 Metaspace       used 13968K, capacity 14416K, committed 14464K, reserved 1062912K
  class space    used 1769K, capacity 1911K, committed 1920K, reserved 1048576K
}
Event: 0.908 GC heap before
{Heap before GC invocations=3 (full 0):
 PSYoungGen      total 74752K, used 71296K [0x000000076d200000, 0x0000000776400000, 0x00000007c0000000)
  eden space 64512K, 100% used [0x000000076d200000,0x0000000771100000,0x0000000771100000)
  from space 10240K, 66% used [0x0000000771b00000,0x00000007721a02f0,0x0000000772500000)
  to   space 10240K, 0% used [0x0000000771100000,0x0000000771100000,0x0000000771b00000)
 ParOldGen       total 171008K, used 24K [0x00000006c7600000, 0x00000006d1d00000, 0x000000076d200000)
  object space 171008K, 0% used [0x00000006c7600000,0x00000006c7606000,0x00000006d1d00000)
 Metaspace       used 20302K, capacity 20818K, committed 21120K, reserved 1067008K
  class space    used 2505K, capacity 2654K, committed 2688K, reserved 1048576K
Event: 0.915 GC heap after
Heap after GC invocations=3 (full 0):
 PSYoungGen      total 74752K, used 9849K [0x000000076d200000, 0x0000000776400000, 0x00000007c0000000)
  eden space 64512K, 0% used [0x000000076d200000,0x000000076d200000,0x0000000771100000)
  from space 10240K, 96% used [0x0000000771100000,0x0000000771a9e678,0x0000000771b00000)
  to   space 10240K, 0% used [0x0000000775a00000,0x0000000775a00000,0x0000000776400000)
 ParOldGen       total 171008K, used 32K [0x00000006c7600000, 0x00000006d1d00000, 0x000000076d200000)
  object space 171008K, 0% used [0x00000006c7600000,0x00000006c7608000,0x00000006d1d00000)
 Metaspace       used 20302K, capacity 20818K, committed 21120K, reserved 1067008K
  class space    used 2505K, capacity 2654K, committed 2688K, reserved 1048576K
}
Event: 0.933 GC heap before
{Heap before GC invocations=4 (full 0):
 PSYoungGen      total 74752K, used 15579K [0x000000076d200000, 0x0000000776400000, 0x00000007c0000000)
  eden space 64512K, 8% used [0x000000076d200000,0x000000076d798948,0x0000000771100000)
  from space 10240K, 96% used [0x0000000771100000,0x0000000771a9e678,0x0000000771b00000)
  to   space 10240K, 0% used [0x0000000775a00000,0x0000000775a00000,0x0000000776400000)
 ParOldGen       total 171008K, used 32K [0x00000006c7600000, 0x00000006d1d00000, 0x000000076d200000)
  object space 171008K, 0% used [0x00000006c7600000,0x00000006c7608000,0x00000006d1d00000)
 Metaspace       used 20601K, capacity 21115K, committed 21296K, reserved 1069056K
  class space    used 2558K, capacity 2688K, committed 2688K, reserved 1048576K
Event: 0.937 GC heap after
Heap after GC invocations=4 (full 0):
 PSYoungGen      total 139264K, used 4928K [0x000000076d200000, 0x0000000776400000, 0x00000007c0000000)
  eden space 129024K, 0% used [0x000000076d200000,0x000000076d200000,0x0000000775000000)
  from space 10240K, 48% used [0x0000000775a00000,0x0000000775ed0040,0x0000000776400000)
  to   space 10240K, 0% used [0x0000000775000000,0x0000000775000000,0x0000000775a00000)
 ParOldGen       total 171008K, used 40K [0x00000006c7600000, 0x00000006d1d00000, 0x000000076d200000)
  object space 171008K, 0% used [0x00000006c7600000,0x00000006c760a000,0x00000006d1d00000)
 Metaspace       used 20601K, capacity 21115K, committed 21296K, reserved 1069056K
  class space    used 2558K, capacity 2688K, committed 2688K, reserved 1048576K
}
Event: 0.937 GC heap before
{Heap before GC invocations=5 (full 1):
 PSYoungGen      total 139264K, used 4928K [0x000000076d200000, 0x0000000776400000, 0x00000007c0000000)
  eden space 129024K, 0% used [0x000000076d200000,0x000000076d200000,0x0000000775000000)
  from space 10240K, 48% used [0x0000000775a00000,0x0000000775ed0040,0x0000000776400000)
  to   space 10240K, 0% used [0x0000000775000000,0x0000000775000000,0x0000000775a00000)
 ParOldGen       total 171008K, used 40K [0x00000006c7600000, 0x00000006d1d00000, 0x000000076d200000)
  object space 171008K, 0% used [0x00000006c7600000,0x00000006c760a000,0x00000006d1d00000)
 Metaspace       used 20601K, capacity 21115K, committed 21296K, reserved 1069056K
  class space    used 2558K, capacity 2688K, committed 2688K, reserved 1048576K
Event: 0.958 GC heap after
Heap after GC invocations=5 (full 1):
 PSYoungGen      total 139264K, used 0K [0x000000076d200000, 0x0000000776400000, 0x00000007c0000000)
  eden space 129024K, 0% used [0x000000076d200000,0x000000076d200000,0x0000000775000000)
  from space 10240K, 0% used [0x0000000775a00000,0x0000000775a00000,0x0000000776400000)
  to   space 10240K, 0% used [0x0000000775000000,0x0000000775000000,0x0000000775a00000)
 ParOldGen       total 87040K, used 4763K [0x00000006c7600000, 0x00000006ccb00000, 0x000000076d200000)
  object space 87040K, 5% used [0x00000006c7600000,0x00000006c7aa6f58,0x00000006ccb00000)
 Metaspace       used 20601K, capacity 21115K, committed 21296K, reserved 1069056K
  class space    used 2558K, capacity 2688K, committed 2688K, reserved 1048576K
}

