# JRE version: OpenJDK Runtime Environment (8.0_171-b11) (build 1.8.0_171-8u171-b11-1~deb9u1-b11)
# Java VM: OpenJDK 64-Bit Server VM (25.171-b11 mixed mode linux-amd64 compressed oops)
Heap:
 PSYoungGen      total 600576K, used 479949K [0x000000076d200000, 0x0000000794280000, 0x00000007c0000000)
  eden space 589312K, 81% used [0x000000076d200000,0x000000078a693610,0x0000000791180000)
  from space 11264K, 1% used [0x0000000793780000,0x00000007937a0000,0x0000000794280000)
  to   space 25088K, 0% used [0x0000000791180000,0x0000000791180000,0x0000000792a00000)
 ParOldGen       total 166400K, used 36456K [0x00000006c7600000, 0x00000006d1880000, 0x000000076d200000)
  object space 166400K, 21% used [0x00000006c7600000,0x00000006c999a330,0x00000006d1880000)
 Metaspace       used 61162K, capacity 63851K, committed 64128K, reserved 1105920K
  class space    used 7818K, capacity 8306K, committed 8320K, reserved 1048576K
GC Heap History (10 events):
Event: 5.921 GC heap before
{Heap before GC invocations=11 (full 2):
 PSYoungGen      total 339968K, used 339884K [0x000000076d200000, 0x0000000784b00000, 0x00000007c0000000)
  eden space 325120K, 100% used [0x000000076d200000,0x0000000780f80000,0x0000000780f80000)
  from space 14848K, 99% used [0x0000000783c80000,0x0000000784aeb248,0x0000000784b00000)
  to   space 19456K, 0% used [0x0000000782500000,0x0000000782500000,0x0000000783800000)
 ParOldGen       total 136704K, used 18731K [0x00000006c7600000, 0x00000006cfb80000, 0x000000076d200000)
  object space 136704K, 13% used [0x00000006c7600000,0x00000006c884aee0,0x00000006cfb80000)
 Metaspace       used 56546K, capacity 58927K, committed 59160K, reserved 1101824K
  class space    used 7272K, capacity 7704K, committed 7808K, reserved 1048576K
Event: 5.944 GC heap after
Heap after GC invocations=11 (full 2):
 PSYoungGen      total 366592K, used 19455K [0x000000076d200000, 0x0000000789900000, 0x00000007c0000000)
  eden space 347136K, 0% used [0x000000076d200000,0x000000076d200000,0x0000000782500000)
  from space 19456K, 99% used [0x0000000782500000,0x00000007837ffc90,0x0000000783800000)
  to   space 24064K, 0% used [0x0000000788180000,0x0000000788180000,0x0000000789900000)
 ParOldGen       total 136704K, used 23132K [0x00000006c7600000, 0x00000006cfb80000, 0x000000076d200000)
  object space 136704K, 16% used [0x00000006c7600000,0x00000006c8c972b0,0x00000006cfb80000)
 Metaspace       used 56546K, capacity 58927K, committed 59160K, reserved 1101824K
  class space    used 7272K, capacity 7704K, committed 7808K, reserved 1048576K
}
Event: 5.959 GC heap before
{Heap before GC invocations=12 (full 2):
 PSYoungGen      total 366592K, used 30132K [0x000000076d200000, 0x0000000789900000, 0x00000007c0000000)
  eden space 347136K, 3% used [0x000000076d200000,0x000000076dc6d728,0x0000000782500000)
  from space 19456K, 99% used [0x0000000782500000,0x00000007837ffc90,0x0000000783800000)
  to   space 24064K, 0% used [0x0000000788180000,0x0000000788180000,0x0000000789900000)
 ParOldGen       total 136704K, used 23132K [0x00000006c7600000, 0x00000006cfb80000, 0x000000076d200000)
  object space 136704K, 16% used [0x00000006c7600000,0x00000006c8c972b0,0x00000006cfb80000)
 Metaspace       used 56654K, capacity 59065K, committed 59160K, reserved 1101824K
  class space    used 7296K, capacity 7727K, committed 7808K, reserved 1048576K
Event: 5.971 GC heap after
Heap after GC invocations=12 (full 2):
 PSYoungGen      total 441344K, used 16632K [0x000000076d200000, 0x000000078fc00000, 0x00000007c0000000)
  eden space 417280K, 0% used [0x000000076d200000,0x000000076d200000,0x0000000786980000)
  from space 24064K, 69% used [0x0000000788180000,0x00000007891be170,0x0000000789900000)
  to   space 24576K, 0% used [0x0000000786980000,0x0000000786980000,0x0000000788180000)
 ParOldGen       total 136704K, used 23132K [0x00000006c7600000, 0x00000006cfb80000, 0x000000076d200000)
  object space 136704K, 16% used [0x00000006c7600000,0x00000006c8c972b0,0x00000006cfb80000)
 Metaspace       used 56654K, capacity 59065K, committed 59160K, reserved 1101824K
  class space    used 7296K, capacity 7727K, committed 7808K, reserved 1048576K
}
Event: 5.971 GC heap before
{Heap before GC invocations=13 (full 3):
 PSYoungGen      total 441344K, used 16632K [0x000000076d200000, 0x000000078fc00000, 0x00000007c0000000)
  eden space 417280K, 0% used [0x000000076d200000,0x000000076d200000,0x0000000786980000)
  from space 24064K, 69% used [0x0000000788180000,0x00000007891be170,0x0000000789900000)
  to   space 24576K, 0% used [0x0000000786980000,0x0000000786980000,0x0000000788180000)
 ParOldGen       total 136704K, used 23132K [0x00000006c7600000, 0x00000006cfb80000, 0x000000076d200000)
  object space 136704K, 16% used [0x00000006c7600000,0x00000006c8c972b0,0x00000006cfb80000)
 Metaspace       used 56654K, capacity 59065K, committed 59160K, reserved 1101824K
  class space    used 7296K, capacity 7727K, committed 7808K, reserved 1048576K
Event: 6.114 GC heap after
Heap after GC invocations=13 (full 3):
 PSYoungGen      total 441344K, used 0K [0x000000076d200000, 0x000000078fc00000, 0x00000007c0000000)
  eden space 417280K, 0% used [0x000000076d200000,0x000000076d200000,0x0000000786980000)
  from space 24064K, 0% used [0x0000000788180000,0x0000000788180000,0x0000000789900000)
  to   space 24576K, 0% used [0x0000000786980000,0x0000000786980000,0x0000000788180000)
 ParOldGen       total 166400K, used 32686K [0x00000006c7600000, 0x00000006d1880000, 0x000000076d200000)
  object space 166400K, 19% used [0x00000006c7600000,0x00000006c95eb900,0x00000006d1880000)
 Metaspace       used 56654K, capacity 59065K, committed 59160K, reserved 1101824K
  class space    used 7296K, capacity 7727K, committed 7808K, reserved 1048576K
}
Event: 617.893 GC heap before
{Heap before GC invocations=14 (full 3):
 PSYoungGen      total 441344K, used 417280K [0x000000076d200000, 0x000000078fc00000, 0x00000007c0000000)
  eden space 417280K, 100% used [0x000000076d200000,0x0000000786980000,0x0000000786980000)
  from space 24064K, 0% used [0x0000000788180000,0x0000000788180000,0x0000000789900000)
  to   space 24576K, 0% used [0x0000000786980000,0x0000000786980000,0x0000000788180000)
 ParOldGen       total 166400K, used 32686K [0x00000006c7600000, 0x00000006d1880000, 0x000000076d200000)
  object space 166400K, 19% used [0x00000006c7600000,0x00000006c95eb900,0x00000006d1880000)
 Metaspace       used 60984K, capacity 63611K, committed 63872K, reserved 1105920K
  class space    used 7813K, capacity 8298K, committed 8320K, reserved 1048576K
Event: 617.898 GC heap after
Heap after GC invocations=14 (full 3):
 PSYoungGen      total 441856K, used 6657K [0x000000076d200000, 0x0000000794f00000, 0x00000007c0000000)
  eden space 417280K, 0% used [0x000000076d200000,0x000000076d200000,0x0000000786980000)
  from space 24576K, 27% used [0x0000000786980000,0x0000000787000598,0x0000000788180000)
  to   space 24064K, 0% used [0x0000000793780000,0x0000000793780000,0x0000000794f00000)
 ParOldGen       total 166400K, used 32694K [0x00000006c7600000, 0x00000006d1880000, 0x000000076d200000)
  object space 166400K, 19% used [0x00000006c7600000,0x00000006c95ed900,0x00000006d1880000)
 Metaspace       used 60984K, capacity 63611K, committed 63872K, reserved 1105920K
  class space    used 7813K, capacity 8298K, committed 8320K, reserved 1048576K
}
Event: 1539.432 GC heap before
{Heap before GC invocations=15 (full 3):
 PSYoungGen      total 441856K, used 423937K [0x000000076d200000, 0x0000000794f00000, 0x00000007c0000000)
  eden space 417280K, 100% used [0x000000076d200000,0x0000000786980000,0x0000000786980000)
  from space 24576K, 27% used [0x0000000786980000,0x0000000787000598,0x0000000788180000)
  to   space 24064K, 0% used [0x0000000793780000,0x0000000793780000,0x0000000794f00000)
 ParOldGen       total 166400K, used 32694K [0x00000006c7600000, 0x00000006d1880000, 0x000000076d200000)
  object space 166400K, 19% used [0x00000006c7600000,0x00000006c95ed900,0x00000006d1880000)
 Metaspace       used 60996K, capacity 63675K, committed 63872K, reserved 1105920K
  class space    used 7813K, capacity 8298K, committed 8320K, reserved 1048576K
Event: 1539.436 GC heap after
Heap after GC invocations=15 (full 3):
 PSYoungGen      total 600576K, used 128K [0x000000076d200000, 0x0000000794280000, 0x00000007c0000000)
  eden space 589312K, 0% used [0x000000076d200000,0x000000076d200000,0x0000000791180000)
  from space 11264K, 1% used [0x0000000793780000,0x00000007937a0000,0x0000000794280000)
  to   space 25088K, 0% used [0x0000000791180000,0x0000000791180000,0x0000000792a00000)
 ParOldGen       total 166400K, used 36456K [0x00000006c7600000, 0x00000006d1880000, 0x000000076d200000)
  object space 166400K, 21% used [0x00000006c7600000,0x00000006c999a330,0x00000006d1880000)
 Metaspace       used 60996K, capacity 63675K, committed 63872K, reserved 1105920K
  class space    used 7813K, capacity 8298K, committed 8320K, reserved 1048576K
}

