# JRE version: OpenJDK Runtime Environment (8.0_171-b11) (build 1.8.0_171-8u171-b11-1~deb9u1-b11)
# Java VM: OpenJDK 64-Bit Server VM (25.171-b11 mixed mode linux-amd64 compressed oops)
Heap:
 PSYoungGen      total 139264K, used 54776K [0x000000076d200000, 0x0000000776400000, 0x00000007c0000000)
  eden space 129024K, 42% used [0x000000076d200000,0x000000077077e178,0x0000000775000000)
  from space 10240K, 0% used [0x0000000775a00000,0x0000000775a00000,0x0000000776400000)
  to   space 10240K, 0% used [0x0000000775000000,0x0000000775000000,0x0000000775a00000)
 ParOldGen       total 86528K, used 4874K [0x00000006c7600000, 0x00000006cca80000, 0x000000076d200000)
  object space 86528K, 5% used [0x00000006c7600000,0x00000006c7ac2bc8,0x00000006cca80000)
 Metaspace       used 24435K, capacity 25151K, committed 25216K, reserved 1071104K
  class space    used 3006K, capacity 3182K, committed 3200K, reserved 1048576K
GC Heap History (10 events):
Event: 0.599 GC heap before
{Heap before GC invocations=1 (full 0):
 PSYoungGen      total 74752K, used 64512K [0x000000076d200000, 0x0000000772500000, 0x00000007c0000000)
  eden space 64512K, 100% used [0x000000076d200000,0x0000000771100000,0x0000000771100000)
  from space 10240K, 0% used [0x0000000771b00000,0x0000000771b00000,0x0000000772500000)
  to   space 10240K, 0% used [0x0000000771100000,0x0000000771100000,0x0000000771b00000)
 ParOldGen       total 171008K, used 0K [0x00000006c7600000, 0x00000006d1d00000, 0x000000076d200000)
  object space 171008K, 0% used [0x00000006c7600000,0x00000006c7600000,0x00000006d1d00000)
 Metaspace       used 8488K, capacity 8654K, committed 8832K, reserved 1056768K
  class space    used 985K, capacity 1052K, committed 1152K, reserved 1048576K
Event: 0.603 GC heap after
Heap after GC invocations=1 (full 0):
 PSYoungGen      total 74752K, used 4705K [0x000000076d200000, 0x0000000772500000, 0x00000007c0000000)
  eden space 64512K, 0% used [0x000000076d200000,0x000000076d200000,0x0000000771100000)
  from space 10240K, 45% used [0x0000000771100000,0x0000000771598558,0x0000000771b00000)
  to   space 10240K, 0% used [0x0000000771b00000,0x0000000771b00000,0x0000000772500000)
 ParOldGen       total 171008K, used 16K [0x00000006c7600000, 0x00000006d1d00000, 0x000000076d200000)
  object space 171008K, 0% used [0x00000006c7600000,0x00000006c7604000,0x00000006d1d00000)
 Metaspace       used 8488K, capacity 8654K, committed 8832K, reserved 1056768K
  class space    used 985K, capacity 1052K, committed 1152K, reserved 1048576K
}
Event: 0.805 GC heap before
{Heap before GC invocations=2 (full 0):
 PSYoungGen      total 74752K, used 69217K [0x000000076d200000, 0x0000000772500000, 0x00000007c0000000)
  eden space 64512K, 100% used [0x000000076d200000,0x0000000771100000,0x0000000771100000)
  from space 10240K, 45% used [0x0000000771100000,0x0000000771598558,0x0000000771b00000)
  to   space 10240K, 0% used [0x0000000771b00000,0x0000000771b00000,0x0000000772500000)
 ParOldGen       total 171008K, used 16K [0x00000006c7600000, 0x00000006d1d00000, 0x000000076d200000)
  object space 171008K, 0% used [0x00000006c7600000,0x00000006c76040b8,0x00000006d1d00000)
 Metaspace       used 13990K, capacity 14452K, committed 14720K, reserved 1062912K
  class space    used 1764K, capacity 1879K, committed 1920K, reserved 1048576K
Event: 0.811 GC heap after
Heap after GC invocations=2 (full 0):
 PSYoungGen      total 74752K, used 6867K [0x000000076d200000, 0x0000000776400000, 0x00000007c0000000)
  eden space 64512K, 0% used [0x000000076d200000,0x000000076d200000,0x0000000771100000)
  from space 10240K, 67% used [0x0000000771b00000,0x00000007721b4e50,0x0000000772500000)
  to   space 10240K, 0% used [0x0000000771100000,0x0000000771100000,0x0000000771b00000)
 ParOldGen       total 171008K, used 24K [0x00000006c7600000, 0x00000006d1d00000, 0x000000076d200000)
  object space 171008K, 0% used [0x00000006c7600000,0x00000006c76060b8,0x00000006d1d00000)
 Metaspace       used 13990K, capacity 14452K, committed 14720K, reserved 1062912K
  class space    used 1764K, capacity 1879K, committed 1920K, reserved 1048576K
}
Event: 1.034 GC heap before
{Heap before GC invocations=3 (full 0):
 PSYoungGen      total 74752K, used 71379K [0x000000076d200000, 0x0000000776400000, 0x00000007c0000000)
  eden space 64512K, 100% used [0x000000076d200000,0x0000000771100000,0x0000000771100000)
  from space 10240K, 67% used [0x0000000771b00000,0x00000007721b4e50,0x0000000772500000)
  to   space 10240K, 0% used [0x0000000771100000,0x0000000771100000,0x0000000771b00000)
 ParOldGen       total 171008K, used 34K [0x00000006c7600000, 0x00000006d1d00000, 0x000000076d200000)
  object space 171008K, 0% used [0x00000006c7600000,0x00000006c76089d0,0x00000006d1d00000)
 Metaspace       used 20257K, capacity 20762K, committed 20864K, reserved 1067008K
  class space    used 2499K, capacity 2654K, committed 2688K, reserved 1048576K
Event: 1.041 GC heap after
Heap after GC invocations=3 (full 0):
 PSYoungGen      total 74752K, used 9803K [0x000000076d200000, 0x0000000776400000, 0x00000007c0000000)
  eden space 64512K, 0% used [0x000000076d200000,0x000000076d200000,0x0000000771100000)
  from space 10240K, 95% used [0x0000000771100000,0x0000000771a92c38,0x0000000771b00000)
  to   space 10240K, 0% used [0x0000000775a00000,0x0000000775a00000,0x0000000776400000)
 ParOldGen       total 171008K, used 42K [0x00000006c7600000, 0x00000006d1d00000, 0x000000076d200000)
  object space 171008K, 0% used [0x00000006c7600000,0x00000006c760a9d0,0x00000006d1d00000)
 Metaspace       used 20257K, capacity 20762K, committed 20864K, reserved 1067008K
  class space    used 2499K, capacity 2654K, committed 2688K, reserved 1048576K
}
Event: 1.073 GC heap before
{Heap before GC invocations=4 (full 0):
 PSYoungGen      total 74752K, used 15906K [0x000000076d200000, 0x0000000776400000, 0x00000007c0000000)
  eden space 64512K, 9% used [0x000000076d200000,0x000000076d7f5dc0,0x0000000771100000)
  from space 10240K, 95% used [0x0000000771100000,0x0000000771a92c38,0x0000000771b00000)
  to   space 10240K, 0% used [0x0000000775a00000,0x0000000775a00000,0x0000000776400000)
 ParOldGen       total 171008K, used 42K [0x00000006c7600000, 0x00000006d1d00000, 0x000000076d200000)
  object space 171008K, 0% used [0x00000006c7600000,0x00000006c760a9d0,0x00000006d1d00000)
 Metaspace       used 20597K, capacity 21063K, committed 21296K, reserved 1069056K
  class space    used 2560K, capacity 2688K, committed 2688K, reserved 1048576K
Event: 1.080 GC heap after
Heap after GC invocations=4 (full 0):
 PSYoungGen      total 139264K, used 4961K [0x000000076d200000, 0x0000000776400000, 0x00000007c0000000)
  eden space 129024K, 0% used [0x000000076d200000,0x000000076d200000,0x0000000775000000)
  from space 10240K, 48% used [0x0000000775a00000,0x0000000775ed8708,0x0000000776400000)
  to   space 10240K, 0% used [0x0000000775000000,0x0000000775000000,0x0000000775a00000)
 ParOldGen       total 171008K, used 50K [0x00000006c7600000, 0x00000006d1d00000, 0x000000076d200000)
  object space 171008K, 0% used [0x00000006c7600000,0x00000006c760c9d0,0x00000006d1d00000)
 Metaspace       used 20597K, capacity 21063K, committed 21296K, reserved 1069056K
  class space    used 2560K, capacity 2688K, committed 2688K, reserved 1048576K
}
Event: 1.080 GC heap before
{Heap before GC invocations=5 (full 1):
 PSYoungGen      total 139264K, used 4961K [0x000000076d200000, 0x0000000776400000, 0x00000007c0000000)
  eden space 129024K, 0% used [0x000000076d200000,0x000000076d200000,0x0000000775000000)
  from space 10240K, 48% used [0x0000000775a00000,0x0000000775ed8708,0x0000000776400000)
  to   space 10240K, 0% used [0x0000000775000000,0x0000000775000000,0x0000000775a00000)
 ParOldGen       total 171008K, used 50K [0x00000006c7600000, 0x00000006d1d00000, 0x000000076d200000)
  object space 171008K, 0% used [0x00000006c7600000,0x00000006c760c9d0,0x00000006d1d00000)
 Metaspace       used 20597K, capacity 21063K, committed 21296K, reserved 1069056K
  class space    used 2560K, capacity 2688K, committed 2688K, reserved 1048576K
Event: 1.099 GC heap after
Heap after GC invocations=5 (full 1):
 PSYoungGen      total 139264K, used 0K [0x000000076d200000, 0x0000000776400000, 0x00000007c0000000)
  eden space 129024K, 0% used [0x000000076d200000,0x000000076d200000,0x0000000775000000)
  from space 10240K, 0% used [0x0000000775a00000,0x0000000775a00000,0x0000000776400000)
  to   space 10240K, 0% used [0x0000000775000000,0x0000000775000000,0x0000000775a00000)
 ParOldGen       total 86528K, used 4874K [0x00000006c7600000, 0x00000006cca80000, 0x000000076d200000)
  object space 86528K, 5% used [0x00000006c7600000,0x00000006c7ac2bc8,0x00000006cca80000)
 Metaspace       used 20597K, capacity 21063K, committed 21296K, reserved 1069056K
  class space    used 2560K, capacity 2688K, committed 2688K, reserved 1048576K
}

